This is pdfTeX, Version 3.1415926-2.5-1.40.14 (TeX Live 2013/Debian) (format=pdflatex 2016.4.1)  14 JUN 2016 11:23
entering extended mode
 restricted \write18 enabled.
 %&-line parsing enabled.
**MainLiteratureReview.tex
(./MainLiteratureReview.tex
LaTeX2e <2011/06/27>
Babel <3.9h> and hyphenation patterns for 78 languages loaded.
(/usr/share/texlive/texmf-dist/tex/latex/base/article.cls
Document Class: article 2007/10/19 v1.4h Standard LaTeX document class
(/usr/share/texlive/texmf-dist/tex/latex/base/size10.clo
File: size10.clo 2007/10/19 v1.4h Standard LaTeX file (size option)
)
\c@part=\count79
\c@section=\count80
\c@subsection=\count81
\c@subsubsection=\count82
\c@paragraph=\count83
\c@subparagraph=\count84
\c@figure=\count85
\c@table=\count86
\abovecaptionskip=\skip41
\belowcaptionskip=\skip42
\bibindent=\dimen102
)
(/usr/share/texlive/texmf-dist/tex/latex/graphics/graphicx.sty
Package: graphicx 1999/02/16 v1.0f Enhanced LaTeX Graphics (DPC,SPQR)

(/usr/share/texlive/texmf-dist/tex/latex/graphics/keyval.sty
Package: keyval 1999/03/16 v1.13 key=value parser (DPC)
\KV@toks@=\toks14
)
(/usr/share/texlive/texmf-dist/tex/latex/graphics/graphics.sty
Package: graphics 2009/02/05 v1.0o Standard LaTeX Graphics (DPC,SPQR)

(/usr/share/texlive/texmf-dist/tex/latex/graphics/trig.sty
Package: trig 1999/03/16 v1.09 sin cos tan (DPC)
)
(/usr/share/texlive/texmf-dist/tex/latex/latexconfig/graphics.cfg
File: graphics.cfg 2010/04/23 v1.9 graphics configuration of TeX Live
)
Package graphics Info: Driver file: pdftex.def on input line 91.

(/usr/share/texlive/texmf-dist/tex/latex/pdftex-def/pdftex.def
File: pdftex.def 2011/05/27 v0.06d Graphics/color for pdfTeX

(/usr/share/texlive/texmf-dist/tex/generic/oberdiek/infwarerr.sty
Package: infwarerr 2010/04/08 v1.3 Providing info/warning/error messages (HO)
)
(/usr/share/texlive/texmf-dist/tex/generic/oberdiek/ltxcmds.sty
Package: ltxcmds 2011/11/09 v1.22 LaTeX kernel commands for general use (HO)
)
\Gread@gobject=\count87
))
\Gin@req@height=\dimen103
\Gin@req@width=\dimen104
)
(./fixmath.sty
Package: fixmath 2000/04/11 v0.9 (WaS)
LaTeX Font Info:    Redeclaring math symbol \Gamma on input line 27.
LaTeX Font Info:    Redeclaring math symbol \Delta on input line 28.
LaTeX Font Info:    Redeclaring math symbol \Theta on input line 29.
LaTeX Font Info:    Redeclaring math symbol \Lambda on input line 30.
LaTeX Font Info:    Redeclaring math symbol \Xi on input line 31.
LaTeX Font Info:    Redeclaring math symbol \Pi on input line 32.
LaTeX Font Info:    Redeclaring math symbol \Sigma on input line 33.
LaTeX Font Info:    Redeclaring math symbol \Upsilon on input line 34.
LaTeX Font Info:    Redeclaring math symbol \Phi on input line 35.
LaTeX Font Info:    Redeclaring math symbol \Psi on input line 36.
LaTeX Font Info:    Redeclaring math symbol \Omega on input line 37.
LaTeX Font Info:    Redeclaring math symbol \alpha on input line 38.
LaTeX Font Info:    Redeclaring math symbol \beta on input line 39.
LaTeX Font Info:    Redeclaring math symbol \gamma on input line 40.
LaTeX Font Info:    Redeclaring math symbol \delta on input line 41.
LaTeX Font Info:    Redeclaring math symbol \epsilon on input line 42.
LaTeX Font Info:    Redeclaring math symbol \zeta on input line 43.
LaTeX Font Info:    Redeclaring math symbol \eta on input line 44.
LaTeX Font Info:    Redeclaring math symbol \theta on input line 45.
LaTeX Font Info:    Redeclaring math symbol \iota on input line 46.
LaTeX Font Info:    Redeclaring math symbol \kappa on input line 47.
LaTeX Font Info:    Redeclaring math symbol \lambda on input line 48.
LaTeX Font Info:    Redeclaring math symbol \mu on input line 49.
LaTeX Font Info:    Redeclaring math symbol \nu on input line 50.
LaTeX Font Info:    Redeclaring math symbol \xi on input line 51.
LaTeX Font Info:    Redeclaring math symbol \pi on input line 52.
LaTeX Font Info:    Redeclaring math symbol \rho on input line 53.
LaTeX Font Info:    Redeclaring math symbol \sigma on input line 54.
LaTeX Font Info:    Redeclaring math symbol \tau on input line 55.
LaTeX Font Info:    Redeclaring math symbol \upsilon on input line 56.
LaTeX Font Info:    Redeclaring math symbol \phi on input line 57.
LaTeX Font Info:    Redeclaring math symbol \chi on input line 58.
LaTeX Font Info:    Redeclaring math symbol \psi on input line 59.
LaTeX Font Info:    Redeclaring math symbol \omega on input line 60.
LaTeX Font Info:    Redeclaring math symbol \varepsilon on input line 61.
LaTeX Font Info:    Redeclaring math symbol \vartheta on input line 62.
LaTeX Font Info:    Redeclaring math symbol \varpi on input line 63.
LaTeX Font Info:    Redeclaring math symbol \varphi on input line 64.
LaTeX Font Info:    Redeclaring math symbol \varrho on input line 65.
LaTeX Font Info:    Redeclaring math symbol \varsigma on input line 66.
) (./gensymb.sty
Package: gensymb 2003/02/12 v0.99 (WaS)
)
(/usr/share/texlive/texmf-dist/tex/latex/listings/listings.sty
\lst@mode=\count88
\lst@gtempboxa=\box26
\lst@token=\toks15
\lst@length=\count89
\lst@currlwidth=\dimen105
\lst@column=\count90
\lst@pos=\count91
\lst@lostspace=\dimen106
\lst@width=\dimen107
\lst@newlines=\count92
\lst@lineno=\count93
\lst@maxwidth=\dimen108

(/usr/share/texlive/texmf-dist/tex/latex/listings/lstmisc.sty
File: lstmisc.sty 2013/08/26 1.5b (Carsten Heinz)
\c@lstnumber=\count94
\lst@skipnumbers=\count95
\lst@framebox=\box27
)
(/usr/share/texlive/texmf-dist/tex/latex/listings/listings.cfg
File: listings.cfg 2013/08/26 1.5b listings configuration
))
Package: listings 2013/08/26 1.5b (Carsten Heinz)

(/usr/share/texlive/texmf-dist/tex/latex/geometry/geometry.sty
Package: geometry 2010/09/12 v5.6 Page Geometry

(/usr/share/texlive/texmf-dist/tex/generic/oberdiek/ifpdf.sty
Package: ifpdf 2011/01/30 v2.3 Provides the ifpdf switch (HO)
Package ifpdf Info: pdfTeX in PDF mode is detected.
)
(/usr/share/texlive/texmf-dist/tex/generic/oberdiek/ifvtex.sty
Package: ifvtex 2010/03/01 v1.5 Detect VTeX and its facilities (HO)
Package ifvtex Info: VTeX not detected.
)
(/usr/share/texlive/texmf-dist/tex/generic/ifxetex/ifxetex.sty
Package: ifxetex 2010/09/12 v0.6 Provides ifxetex conditional
)
\Gm@cnth=\count96
\Gm@cntv=\count97
\c@Gm@tempcnt=\count98
\Gm@bindingoffset=\dimen109
\Gm@wd@mp=\dimen110
\Gm@odd@mp=\dimen111
\Gm@even@mp=\dimen112
\Gm@layoutwidth=\dimen113
\Gm@layoutheight=\dimen114
\Gm@layouthoffset=\dimen115
\Gm@layoutvoffset=\dimen116
\Gm@dimlist=\toks16
)
(/usr/share/texlive/texmf-dist/tex/latex/tools/multicol.sty
Package: multicol 2011/06/27 v1.7a multicolumn formatting (FMi)
\c@tracingmulticols=\count99
\mult@box=\box28
\multicol@leftmargin=\dimen117
\c@unbalance=\count100
\c@collectmore=\count101
\doublecol@number=\count102
\multicoltolerance=\count103
\multicolpretolerance=\count104
\full@width=\dimen118
\page@free=\dimen119
\premulticols=\dimen120
\postmulticols=\dimen121
\multicolsep=\skip43
\multicolbaselineskip=\skip44
\partial@page=\box29
\last@line=\box30
\mult@rightbox=\box31
\mult@grightbox=\box32
\mult@gfirstbox=\box33
\mult@firstbox=\box34
\@tempa=\box35
\@tempa=\box36
\@tempa=\box37
\@tempa=\box38
\@tempa=\box39
\@tempa=\box40
\@tempa=\box41
\@tempa=\box42
\@tempa=\box43
\@tempa=\box44
\@tempa=\box45
\@tempa=\box46
\@tempa=\box47
\@tempa=\box48
\@tempa=\box49
\@tempa=\box50
\@tempa=\box51
\c@columnbadness=\count105
\c@finalcolumnbadness=\count106
\last@try=\dimen122
\multicolovershoot=\dimen123
\multicolundershoot=\dimen124
\mult@nat@firstbox=\box52
\colbreak@box=\box53
\multicol@sort@counter=\count107
) (./subfigure.sty
Package: subfigure 1995/03/06 v2.0 subfigure package

Package: subfigure 1995/03/06 v2.0
\c@subfigure=\count108
\c@lofdepth=\count109
\c@subtable=\count110
\c@lotdepth=\count111
) (./MainLiteratureReview.aux (./Raibert1986.aux)
(./AdjustingStepLeghtRoughTerrain.aux) (./McGeerPassiveWalking.aux)
(./LearningPlanningControlChallengingTerrain.aux)
(./ModelingAndControlOfLeggedRObots.aux) (./UnderactuatedRobotics.aux)
(./BoundingRoughTerrainTedrake2011.aux) (./WensingRunning.aux)
(./CapturePoint.aux)
(./CapturabilityBasedAnalysisAndControlofLeggedLocomotionPart1.aux

LaTeX Warning: Label `PhasePlane' multiply defined.


LaTeX Warning: Label `PhasePlane' multiply defined.


LaTeX Warning: Label `PhasePlane' multiply defined.

) (./CapturabilityBasedAnalysisAndControlofLeggedLocomotionPart2.aux)
(./ParkVerticalImpulseScaling.aux

LaTeX Warning: Label `InftyCap' multiply defined.

) (./ParkVerticalImpulseScalingGalloping.aux)
(./ParkBoundingCheetahwithObstacles.aux) (./SequentialComposition.aux

LaTeX Warning: Label `PhasePlane' multiply defined.

) (./ParallelCompositionOfTemplates.aux) (./LeggedSelfManipulation.aux)
(./NumericalMethodsForOptimalControl.aux)
(./ModelBasedPositionAndForceControlHy.aux) (./ReinforcementLearning.aux)
(./DynTorqueControlHyQ.aux) (./GainScheduling.aux)
(./TorqueAndComplianceControl.aux) (./ActiveImpedanceControllersOverview.aux)
(./Diehl.aux) (./DiehlBros.aux) (./BettsPracticalMethods.aux)
(./MotionPlanningHauser.aux

LaTeX Warning: Label `OptimizationDiehl' multiply defined.

) (./NonlinearCPHauser.aux) (./BoydLinearSystems.aux)
(./ModelPredictiveControl.aux) (./eXtrapolatedCoM.aux)
(./AbbeelApprenticeship.aux) (./DeBoerThesis.aux) (./TodorovIHMPC.aux)
(./OttEnglsDeadBeatStones.aux) (./EnglsDeadBeat2015.aux)
(./NakanishiOperationalSpaceControl.aux) (./FukuokaCPG.aux)
(./FukuokaIrregTerrain.aux) (./HandbookRoboticsForceControl.aux)
(./SteadyLocomotionDogs.aux) (./WalterCarrierGRFGallopingDogs.aux)
(./DogsRapidAccelerations.aux) (./HudsonHighSpeedGallopingCheetahGreyhound.aux)
(./GaitSensitivityNorm.aux) (./BertramTransvereRotaryGallop.aux))
\openout1 = `MainLiteratureReview.aux'.

LaTeX Font Info:    Checking defaults for OML/cmm/m/it on input line 11.
LaTeX Font Info:    ... okay on input line 11.
LaTeX Font Info:    Checking defaults for T1/cmr/m/n on input line 11.
LaTeX Font Info:    ... okay on input line 11.
LaTeX Font Info:    Checking defaults for OT1/cmr/m/n on input line 11.
LaTeX Font Info:    ... okay on input line 11.
LaTeX Font Info:    Checking defaults for OMS/cmsy/m/n on input line 11.
LaTeX Font Info:    ... okay on input line 11.
LaTeX Font Info:    Checking defaults for OMX/cmex/m/n on input line 11.
LaTeX Font Info:    ... okay on input line 11.
LaTeX Font Info:    Checking defaults for U/cmr/m/n on input line 11.
LaTeX Font Info:    ... okay on input line 11.

(/usr/share/texlive/texmf-dist/tex/context/base/supp-pdf.mkii
[Loading MPS to PDF converter (version 2006.09.02).]
\scratchcounter=\count112
\scratchdimen=\dimen125
\scratchbox=\box54
\nofMPsegments=\count113
\nofMParguments=\count114
\everyMPshowfont=\toks17
\MPscratchCnt=\count115
\MPscratchDim=\dimen126
\MPnumerator=\count116
\makeMPintoPDFobject=\count117
\everyMPtoPDFconversion=\toks18
) (/usr/share/texlive/texmf-dist/tex/generic/oberdiek/pdftexcmds.sty
Package: pdftexcmds 2011/11/29 v0.20 Utility functions of pdfTeX for LuaTeX (HO
)

(/usr/share/texlive/texmf-dist/tex/generic/oberdiek/ifluatex.sty
Package: ifluatex 2010/03/01 v1.3 Provides the ifluatex switch (HO)
Package ifluatex Info: LuaTeX not detected.
)
Package pdftexcmds Info: LuaTeX not detected.
Package pdftexcmds Info: \pdf@primitive is available.
Package pdftexcmds Info: \pdf@ifprimitive is available.
Package pdftexcmds Info: \pdfdraftmode found.
)
(/usr/share/texlive/texmf-dist/tex/latex/oberdiek/epstopdf-base.sty
Package: epstopdf-base 2010/02/09 v2.5 Base part for package epstopdf

(/usr/share/texlive/texmf-dist/tex/latex/oberdiek/grfext.sty
Package: grfext 2010/08/19 v1.1 Manage graphics extensions (HO)

(/usr/share/texlive/texmf-dist/tex/generic/oberdiek/kvdefinekeys.sty
Package: kvdefinekeys 2011/04/07 v1.3 Define keys (HO)
))
(/usr/share/texlive/texmf-dist/tex/latex/oberdiek/kvoptions.sty
Package: kvoptions 2011/06/30 v3.11 Key value format for package options (HO)

(/usr/share/texlive/texmf-dist/tex/generic/oberdiek/kvsetkeys.sty
Package: kvsetkeys 2012/04/25 v1.16 Key value parser (HO)

(/usr/share/texlive/texmf-dist/tex/generic/oberdiek/etexcmds.sty
Package: etexcmds 2011/02/16 v1.5 Avoid name clashes with e-TeX commands (HO)
Package etexcmds Info: Could not find \expanded.
(etexcmds)             That can mean that you are not using pdfTeX 1.50 or
(etexcmds)             that some package has redefined \expanded.
(etexcmds)             In the latter case, load this package earlier.
)))
Package grfext Info: Graphics extension search list:
(grfext)             [.png,.pdf,.jpg,.mps,.jpeg,.jbig2,.jb2,.PNG,.PDF,.JPG,.JPE
G,.JBIG2,.JB2,.eps]
(grfext)             \AppendGraphicsExtensions on input line 452.

(/usr/share/texlive/texmf-dist/tex/latex/latexconfig/epstopdf-sys.cfg
File: epstopdf-sys.cfg 2010/07/13 v1.3 Configuration of (r)epstopdf for TeX Liv
e
))
LaTeX Info: Redefining \celsius on input line 11.
Package gensymb Info: Faking symbols for \degree and \celsius on input line 11.



Package gensymb Warning: \perthousand will not be available.

LaTeX Info: Redefining \ohm on input line 11.
Package gensymb Info: Using \upOmega for \ohm on input line 11.

Package gensymb Warning: \micro will not be available.

\c@lstlisting=\count118
*geometry* driver: auto-detecting
*geometry* detected driver: pdftex
*geometry* verbose mode - [ preamble ] result:
* driver: pdftex
* paper: <default>
* layout: <same size as paper>
* layoutoffset:(h,v)=(0.0pt,0.0pt)
* modes: 
* h-part:(L,W,R)=(72.26999pt, 469.75502pt, 72.26999pt)
* v-part:(T,H,B)=(72.26999pt, 650.43001pt, 72.26999pt)
* \paperwidth=614.295pt
* \paperheight=794.96999pt
* \textwidth=469.75502pt
* \textheight=650.43001pt
* \oddsidemargin=0.0pt
* \evensidemargin=0.0pt
* \topmargin=-37.0pt
* \headheight=12.0pt
* \headsep=25.0pt
* \topskip=10.0pt
* \footskip=30.0pt
* \marginparwidth=65.0pt
* \marginparsep=11.0pt
* \columnsep=10.0pt
* \skip\footins=9.0pt plus 4.0pt minus 2.0pt
* \hoffset=0.0pt
* \voffset=0.0pt
* \mag=1000
* \@twocolumnfalse
* \@twosidefalse
* \@mparswitchfalse
* \@reversemarginfalse
* (1in=72.27pt=25.4mm, 1cm=28.453pt)

LaTeX Font Info:    External font `cmex10' loaded for size
(Font)              <12> on input line 16.
LaTeX Font Info:    External font `cmex10' loaded for size
(Font)              <8> on input line 16.
LaTeX Font Info:    External font `cmex10' loaded for size
(Font)              <6> on input line 16.
(./MainLiteratureReview.toc [1

{/var/lib/texmf/fonts/map/pdftex/updmap/pdftex.map}] [2])
\tf@toc=\write3
\openout3 = `MainLiteratureReview.toc'.

 [3]
\openout2 = `Raibert1986.aux'.

 (./Raibert1986.tex
LaTeX Font Info:    Try loading font information for OMS+cmr on input line 10.

(/usr/share/texlive/texmf-dist/tex/latex/base/omscmr.fd
File: omscmr.fd 1999/05/25 v2.5h Standard LaTeX font definitions
)
LaTeX Font Info:    Font shape `OMS/cmr/m/n' in size <10> not available
(Font)              Font shape `OMS/cmsy/m/n' tried instead on input line 10.
) [4

]
\openout2 = `AdjustingStepLeghtRoughTerrain.aux'.


(./AdjustingStepLeghtRoughTerrain.tex) [5


]
\openout2 = `McGeerPassiveWalking.aux'.

 (./McGeerPassiveWalking.tex)
[6


]
\openout2 = `LearningPlanningControlChallengingTerrain.aux'.

 (./LearningPlanningControlChallengingTerrain.tex) [7


]
\openout2 = `ModelingAndControlOfLeggedRObots.aux'.


(./ModelingAndControlOfLeggedRObots.tex
Underfull \hbox (badness 10000) in paragraph at lines 2--4

 []

LaTeX Font Info:    External font `cmex10' loaded for size
(Font)              <7> on input line 15.
LaTeX Font Info:    External font `cmex10' loaded for size
(Font)              <5> on input line 15.
Missing character: There is no √ in font cmr10!
Missing character: There is no © in font cmr10!
Missing character: There is no √ in font cmr10!
Missing character: There is no © in font cmr10!
[8


]) [9]
\openout2 = `UnderactuatedRobotics.aux'.

 (./UnderactuatedRobotics.tex) [10


]
\openout2 = `BoundingRoughTerrainTedrake2011.aux'.


(./BoundingRoughTerrainTedrake2011.tex) [11


]
\openout2 = `WensingRunning.aux'.

 (./WensingRunning.tex) [12


]
\openout2 = `CapturePoint.aux'.


(./CapturePoint.tex <CapturePoint.png, id=54, 430.60875pt x 589.20125pt>
File: CapturePoint.png Graphic file (type png)

<use CapturePoint.png>
Package pdftex.def Info: CapturePoint.png used on input line 8.
(pdftex.def)             Requested size: 256.0748pt x 350.39478pt.
 [13


 <./CapturePoint.png>]
<CPPhasePlane.png, id=61, 711.65875pt x 477.785pt>
File: CPPhasePlane.png Graphic file (type png)
 <use CPPhasePlane.png>
Package pdftex.def Info: CPPhasePlane.png used on input line 20.
(pdftex.def)             Requested size: 256.0748pt x 171.91498pt.
)
[14 <./CPPhasePlane.png>]
\openout2 = `CapturabilityBasedAnalysisAndControlofLeggedLocomotionPart1.aux'.


(./CapturabilityBasedAnalysisAndControlofLeggedLocomotionPart1.tex
<CP.png, id=67, 454.69875pt x 380.42125pt>
File: CP.png Graphic file (type png)
 <use CP.png>
Package pdftex.def Info: CP.png used on input line 10.
(pdftex.def)             Requested size: 142.26378pt x 119.02646pt.

<CPF.png, id=68, 455.7025pt x 391.4625pt>
File: CPF.png Graphic file (type png)
 <use CPF.png>
Package pdftex.def Info: CPF.png used on input line 15.
(pdftex.def)             Requested size: 142.26378pt x 122.21225pt.

<CPFM.png, id=69, 484.81125pt x 404.51125pt>
File: CPFM.png Graphic file (type png)
 <use CPFM.png>
Package pdftex.def Info: CPFM.png used on input line 20.
(pdftex.def)             Requested size: 142.26378pt x 118.7002pt.

Overfull \hbox (17.36082pt too wide) detected at line 60
\OMS/cmsy/m/n/10 ^^@\OT1/cmr/m/n/10 (\OML/cmm/m/it/10 r \OMS/cmsy/m/n/10 ^^@ \O
ML/cmm/m/it/10 r[]\OT1/cmr/m/n/10 ) \OMS/cmsy/m/n/10 ^^B \OML/cmm/m/it/10 f \OT
1/cmr/m/n/10 + \OML/cmm/m/it/10 ^^\[] \OMS/cmsy/m/n/10 ^^@ \OML/cmm/m/it/10 ^^\
[] \OT1/cmr/m/n/10 = 0
 []


Overfull \hbox (46.16039pt too wide) detected at line 66
\OMS/cmsy/m/n/10 j\OML/cmm/m/it/10 r[] \OMS/cmsy/m/n/10 ^^@ \OML/cmm/m/it/10 r[
]\OMS/cmsy/m/n/10 j ^^T \OML/cmm/m/it/10 d[] \OT1/cmr/m/n/10 = \OML/cmm/m/it/10
 r[] \OT1/cmr/m/n/10 + \OMS/cmsy/m/n/10 j\OML/cmm/m/it/10 ^^Ar[]\OMS/cmsy/m/n/1
0 j[]
 []


Underfull \hbox (badness 5119) in paragraph at lines 68--69
\OT1/cmr/m/n/10 where: $\OML/cmm/m/it/10 d[] \OT1/cmr/m/n/10 = \OML/cmm/m/it/10
 r[] \OT1/cmr/m/n/10 +
 []

[15


 <./CP.png> <./CPF.png> <./CPFM.png>]
<InftyCapturability.png, id=77, 404.51125pt x 376.40625pt>
File: InftyCapturability.png Graphic file (type png)

<use InftyCapturability.png>
Package pdftex.def Info: InftyCapturability.png used on input line 86.
(pdftex.def)             Requested size: 142.26378pt x 132.38168pt.
) [16 <./InftyCapturability.png>]
\openout2 = `CapturabilityBasedAnalysisAndControlofLeggedLocomotionPart2.aux'.


(./CapturabilityBasedAnalysisAndControlofLeggedLocomotionPart2.tex) [17


]
\openout2 = `ParkVerticalImpulseScaling.aux'.


(./ParkVerticalImpulseScaling.tex
Missing character: There is no √ in font cmr10!
Missing character: There is no ® in font cmr10!

<Poincar√®Map.png, id=85, 517.935pt x 433.62pt>
File: Poincar√®Map.png Graphic file (type png)
 <use Poincar√®Map.png>
Package pdftex.def Info: Poincar√®Map.png used on input line 20.
(pdftex.def)             Requested size: 284.52756pt x 238.22046pt.
Missing character: There is no √ in font cmr10!
Missing character: There is no ® in font cmr10!
 [18


 <./Poincar√®Map.png>]) [19]
\openout2 = `ParkVerticalImpulseScalingGalloping.aux'.

 (./ParkVerticalImpulseScalingGalloping.tex) [20


]
\openout2 = `ParkBoundingCheetahwithObstacles.aux'.


(./ParkBoundingCheetahwithObstacles.tex) [21


]
\openout2 = `SequentialComposition.aux'.

 (./SequentialComposition.tex
<Koditschek1.png, id=100, 871.255pt x 375.4025pt>
File: Koditschek1.png Graphic file (type png)
 <use Koditschek1.png>
Package pdftex.def Info: Koditschek1.png used on input line 14.
(pdftex.def)             Requested size: 256.0748pt x 110.33607pt.

[22


 <./Koditschek1.png>]) [23]
\openout2 = `ParallelCompositionOfTemplates.aux'.

 (./ParallelCompositionOfTemplates.tex) [24


]
\openout2 = `LeggedSelfManipulation.aux'.


(./LeggedSelfManipulation.tex) [25


]
\openout2 = `NumericalMethodsForOptimalControl.aux'.

 (./NumericalMethodsForOptimalControl.tex
Underfull \hbox (badness 10000) in paragraph at lines 17--18

 []


Underfull \hbox (badness 10000) in paragraph at lines 44--45

 []

[26


]) [27]
\openout2 = `ModelBasedPositionAndForceControlHy.aux'.

 (./ModelBasedPositionAndForceControlHy.tex [28


]) [29]
\openout2 = `ReinforcementLearning.aux'.


(./ReinforcementLearning.tex) [30


]
\openout2 = `DynTorqueControlHyQ.aux'.

 (./DynTorqueControlHyQ.tex) [31


]
\openout2 = `GainScheduling.aux'.


(./GainScheduling.tex) [32


]
\openout2 = `TorqueAndComplianceControl.aux'.

 (./TorqueAndComplianceControl.tex
<VelocityAndTorqueControl.png, id=137, 759.83875pt x 254.9525pt>
File: VelocityAndTorqueControl.png Graphic file (type png)

<use VelocityAndTorqueControl.png>
Package pdftex.def Info: VelocityAndTorqueControl.png used on input line 21.
(pdftex.def)             Requested size: 341.43306pt x 114.56416pt.
 [33


 <./VelocityAndTorqueControl.png>])
[34]
\openout2 = `ActiveImpedanceControllersOverview.aux'.

 (./ActiveImpedanceControllersOverview.tex
<PassivityOfICcontrollers.png, id=145, 586.19pt x 619.31375pt>
File: PassivityOfICcontrollers.png Graphic file (type png)

<use PassivityOfICcontrollers.png>
Package pdftex.def Info: PassivityOfICcontrollers.png used on input line 16.
(pdftex.def)             Requested size: 341.43306pt x 360.72366pt.


LaTeX Warning: `!h' float specifier changed to `!ht'.

) [35


] [36 <./PassivityOfICcontrollers.png>]
\openout2 = `Diehl.aux'.

 (./Diehl.tex
<OptimizationDiehl.png, id=153, 912.40875pt x 559.08875pt>
File: OptimizationDiehl.png Graphic file (type png)

<use OptimizationDiehl.png>
Package pdftex.def Info: OptimizationDiehl.png used on input line 16.
(pdftex.def)             Requested size: 341.43306pt x 209.21414pt.
) [37


 <./OptimizationDiehl.png>]
\openout2 = `DiehlBros.aux'.

 (./DiehlBros.tex)
[38


]
\openout2 = `BettsPracticalMethods.aux'.

 (./BettsPracticalMethods.tex) [39


]
\openout2 = `MotionPlanningHauser.aux'.

 (./MotionPlanningHauser.tex
<FamilyModes.png, id=165, 835.12pt x 308.15125pt>
File: FamilyModes.png Graphic file (type png)
 <use FamilyModes.png>
Package pdftex.def Info: FamilyModes.png used on input line 14.
(pdftex.def)             Requested size: 341.43306pt x 125.98547pt.
)
[40


 <./FamilyModes.png>]
\openout2 = `NonlinearCPHauser.aux'.

 (./NonlinearCPHauser.tex) [41


]
\openout2 = `BoydLinearSystems.aux'.


(./BoydLinearSystems.tex) [42


]
\openout2 = `ModelPredictiveControl.aux'.

 (./ModelPredictiveControl.tex) [43


]
\openout2 = `eXtrapolatedCoM.aux'.


(./eXtrapolatedCoM.tex) [44


]
\openout2 = `AbbeelApprenticeship.aux'.

 (./AbbeelApprenticeship.tex) [45


]
\openout2 = `DeBoerThesis.aux'.


(./DeBoerThesis.tex) [46


]
\openout2 = `TodorovIHMPC.aux'.

 (./TodorovIHMPC.tex) [47


]
\openout2 = `OttEnglsDeadBeatStones.aux'.


(./OttEnglsDeadBeatStones.tex) [48


]
\openout2 = `EnglsDeadBeat2015.aux'.

 (./EnglsDeadBeat2015.tex) [49


]
\openout2 = `NakanishiOperationalSpaceControl.aux'.


(./NakanishiOperationalSpaceControl.tex) [50


]
\openout2 = `FukuokaCPG.aux'.

 (./FukuokaCPG.tex
Missing character: There is no ‚ in font cmr10!
Missing character: There is no Ä in font cmr10!
Missing character: There is no ò in font cmr10!
Missing character: There is no ‚ in font cmr10!
Missing character: There is no Ä in font cmr10!
Missing character: There is no ò in font cmr10!
Missing character: There is no ‚ in font cmr10!
Missing character: There is no Ä in font cmr10!
Missing character: There is no ô in font cmr10!
Missing character: There is no ‚ in font cmr10!
Missing character: There is no Ä in font cmr10!
Missing character: There is no ô in font cmr10!
) [51


]
\openout2 = `FukuokaIrregTerrain.aux'.


(./FukuokaIrregTerrain.tex) [52


]
\openout2 = `HandbookRoboticsForceControl.aux'.

 (./HandbookRoboticsForceControl.tex
<ImpedanceControl.png, id=209, 530.98375pt x 285.065pt>
File: ImpedanceControl.png Graphic file (type png)

<use ImpedanceControl.png>
Package pdftex.def Info: ImpedanceControl.png used on input line 15.
(pdftex.def)             Requested size: 284.52756pt x 152.75403pt.

<AdmittanceControl.png, id=210, 726.715pt x 269.005pt>
File: AdmittanceControl.png Graphic file (type png)

<use AdmittanceControl.png>
Package pdftex.def Info: AdmittanceControl.png used on input line 21.
(pdftex.def)             Requested size: 284.52756pt x 105.32199pt.
) [53


 <./ImpedanceControl.png> <./AdmittanceControl.png>]
\openout2 = `SteadyLocomotionDogs.aux'.

 (./SteadyLocomotionDogs.tex) [54


]
\openout2 = `WalterCarrierGRFGallopingDogs.aux'.

 (./WalterCarrierGRFGallopingDogs.tex)
[55


]
\openout2 = `DogsRapidAccelerations.aux'.

 (./DogsRapidAccelerations.tex
<figs/RapidAccelerations.png, id=223, 1060.96375pt x 459.7175pt>
File: figs/RapidAccelerations.png Graphic file (type png)

<use figs/RapidAccelerations.png>
Package pdftex.def Info: figs/RapidAccelerations.png used on input line 35.
(pdftex.def)             Requested size: 426.79134pt x 184.92892pt.


LaTeX Warning: `h' float specifier changed to `ht'.

Missing character: There is no ‚ in font cmr10!
Missing character: There is no Ä in font cmr10!
Missing character: There is no ô in font cmr10!

Underfull \hbox (badness 7099) in paragraph at lines 61--62
[]\OT1/cmr/m/n/10 The un-avoid-able pitch-ing
 []

[56


]) [57 <./figs/RapidAccelerations.png>]
\openout2 = `HudsonHighSpeedGallopingCheetahGreyhound.aux'.


(./HudsonHighSpeedGallopingCheetahGreyhound.tex) [58


]
\openout2 = `GaitSensitivityNorm.aux'.


(./GaitSensitivityNorm.tex) [59


]
\openout2 = `BertramTransvereRotaryGallop.aux'.

 (./BertramTransvereRotaryGallop.tex
<figs/HorseGallop.png, id=238, 1399.2275pt x 603.25375pt>
File: figs/HorseGallop.png Graphic file (type png)

<use figs/HorseGallop.png>
Package pdftex.def Info: figs/HorseGallop.png used on input line 5.
(pdftex.def)             Requested size: 398.33858pt x 171.7358pt.

<figs/CheetahGallop.png, id=239, 1201.48875pt x 776.9025pt>
File: figs/CheetahGallop.png Graphic file (type png)

<use figs/CheetahGallop.png>
Package pdftex.def Info: figs/CheetahGallop.png used on input line 12.
(pdftex.def)             Requested size: 398.33858pt x 257.57591pt.
 [60


 <./figs/HorseGallop.png> <./figs/CheetahGallop.png>]) [61] (./MainLiteratureRe
view.bbl
Missing character: There is no ‚ in font cmr10!
Missing character: There is no Ä in font cmr10!
Missing character: There is no ò in font cmr10!
Missing character: There is no ‚ in font cmr10!
Missing character: There is no Ä in font cmr10!
Missing character: There is no ô in font cmr10!
) [62

] (./MainLiteratureReview.aux
(./Raibert1986.aux) (./AdjustingStepLeghtRoughTerrain.aux)
(./McGeerPassiveWalking.aux) (./LearningPlanningControlChallengingTerrain.aux)
(./ModelingAndControlOfLeggedRObots.aux) (./UnderactuatedRobotics.aux)
(./BoundingRoughTerrainTedrake2011.aux) (./WensingRunning.aux)
(./CapturePoint.aux)
(./CapturabilityBasedAnalysisAndControlofLeggedLocomotionPart1.aux)
(./CapturabilityBasedAnalysisAndControlofLeggedLocomotionPart2.aux)
(./ParkVerticalImpulseScaling.aux) (./ParkVerticalImpulseScalingGalloping.aux)
(./ParkBoundingCheetahwithObstacles.aux) (./SequentialComposition.aux)
(./ParallelCompositionOfTemplates.aux) (./LeggedSelfManipulation.aux)
(./NumericalMethodsForOptimalControl.aux)
(./ModelBasedPositionAndForceControlHy.aux) (./ReinforcementLearning.aux)
(./DynTorqueControlHyQ.aux) (./GainScheduling.aux)
(./TorqueAndComplianceControl.aux) (./ActiveImpedanceControllersOverview.aux)
(./Diehl.aux) (./DiehlBros.aux) (./BettsPracticalMethods.aux)
(./MotionPlanningHauser.aux) (./NonlinearCPHauser.aux) (./BoydLinearSystems.aux
) (./ModelPredictiveControl.aux) (./eXtrapolatedCoM.aux)
(./AbbeelApprenticeship.aux) (./DeBoerThesis.aux) (./TodorovIHMPC.aux)
(./OttEnglsDeadBeatStones.aux) (./EnglsDeadBeat2015.aux)
(./NakanishiOperationalSpaceControl.aux) (./FukuokaCPG.aux)
(./FukuokaIrregTerrain.aux) (./HandbookRoboticsForceControl.aux)
(./SteadyLocomotionDogs.aux) (./WalterCarrierGRFGallopingDogs.aux)
(./DogsRapidAccelerations.aux) (./HudsonHighSpeedGallopingCheetahGreyhound.aux)
(./GaitSensitivityNorm.aux) (./BertramTransvereRotaryGallop.aux))

LaTeX Warning: There were multiply-defined labels.

 ) 
Here is how much of TeX's memory you used:
 3905 strings out of 493304
 62118 string characters out of 6139872
 148297 words of memory out of 5000000
 6976 multiletter control sequences out of 15000+600000
 10530 words of font info for 36 fonts, out of 8000000 for 9000
 957 hyphenation exceptions out of 8191
 38i,6n,32p,911b,562s stack positions out of 5000i,500n,10000p,200000b,80000s
</usr/share/texlive/texmf-dist/fonts/type1/public/amsfonts/cm/cmbx10.pfb></us
r/share/texlive/texmf-dist/fonts/type1/public/amsfonts/cm/cmbx12.pfb></usr/shar
e/texlive/texmf-dist/fonts/type1/public/amsfonts/cm/cmbx9.pfb></usr/share/texli
ve/texmf-dist/fonts/type1/public/amsfonts/cm/cmex10.pfb></usr/share/texlive/tex
mf-dist/fonts/type1/public/amsfonts/cm/cmmi10.pfb></usr/share/texlive/texmf-dis
t/fonts/type1/public/amsfonts/cm/cmmi5.pfb></usr/share/texlive/texmf-dist/fonts
/type1/public/amsfonts/cm/cmmi7.pfb></usr/share/texlive/texmf-dist/fonts/type1/
public/amsfonts/cm/cmmib10.pfb></usr/share/texlive/texmf-dist/fonts/type1/publi
c/amsfonts/cm/cmr10.pfb></usr/share/texlive/texmf-dist/fonts/type1/public/amsfo
nts/cm/cmr12.pfb></usr/share/texlive/texmf-dist/fonts/type1/public/amsfonts/cm/
cmr17.pfb></usr/share/texlive/texmf-dist/fonts/type1/public/amsfonts/cm/cmr7.pf
b></usr/share/texlive/texmf-dist/fonts/type1/public/amsfonts/cm/cmr9.pfb></usr/
share/texlive/texmf-dist/fonts/type1/public/amsfonts/cm/cmsy10.pfb></usr/share/
texlive/texmf-dist/fonts/type1/public/amsfonts/cm/cmsy5.pfb></usr/share/texlive
/texmf-dist/fonts/type1/public/amsfonts/cm/cmsy7.pfb></usr/share/texlive/texmf-
dist/fonts/type1/public/amsfonts/cm/cmti10.pfb>
Output written on MainLiteratureReview.pdf (62 pages, 1298367 bytes).
PDF statistics:
 308 PDF objects out of 1000 (max. 8388607)
 191 compressed objects within 2 object streams
 0 named destinations out of 1000 (max. 500000)
 86 words of extra memory for PDF output out of 10000 (max. 10000000)

